android/app/build/intermediates/manifest_merge_blame_file/release/manifest-merger-blame-release-report.txt
1<?xml version="1.0" encoding="utf-8"?>
2<manifest xmlns:android="http://schemas.android.com/apk/res/android"
3    package="com.pdigok"
4    android:versionCode="1"
5    android:versionName="1.0" >
6
7    <uses-sdk
8        android:minSdkVersion="21"
8-->src/main/AndroidManifest.xml
9        android:targetSdkVersion="30" />
9-->src/main/AndroidManifest.xml
10
11    <uses-permission android:name="android.permission.INTERNET" />
11-->src/main/AndroidManifest.xml:4:5-67
11-->src/main/AndroidManifest.xml:4:22-64
12    <uses-permission android:name="android.permission.ACCESS_NETWORK_STATE" />
12-->[:sentry_react-native] AndroidManifest.xml:10:5-79
12-->[:sentry_react-native] AndroidManifest.xml:10:22-76
13
14    <application
14-->src/main/AndroidManifest.xml:6:5-25:19
15        android:name="com.pdigok.MainApplication"
15-->src/main/AndroidManifest.xml:7:7-38
16        android:allowBackup="false"
16-->src/main/AndroidManifest.xml:11:7-34
17        android:appComponentFactory="androidx.core.app.CoreComponentFactory"
17-->[androidx.core:core:1.6.0] AndroidManifest.xml:24:18-86
18        android:icon="@mipmap/ic_launcher"
18-->src/main/AndroidManifest.xml:9:7-41
19        android:label="@string/app_name"
19-->src/main/AndroidManifest.xml:8:7-39
20        android:roundIcon="@mipmap/ic_launcher_round"
20-->src/main/AndroidManifest.xml:10:7-52
21        android:theme="@style/AppTheme" >
21-->src/main/AndroidManifest.xml:12:7-38
22        <activity
22-->src/main/AndroidManifest.xml:13:7-24:18
23            android:name="com.pdigok.MainActivity"
23-->src/main/AndroidManifest.xml:14:9-37
24            android:configChanges="keyboard|keyboardHidden|orientation|screenLayout|screenSize|smallestScreenSize|uiMode"
24-->src/main/AndroidManifest.xml:16:9-118
25            android:exported="true"
25-->src/main/AndroidManifest.xml:19:9-32
26            android:label="@string/app_name"
26-->src/main/AndroidManifest.xml:15:9-41
27            android:launchMode="singleTask"
27-->src/main/AndroidManifest.xml:17:9-40
28            android:windowSoftInputMode="adjustResize" >
28-->src/main/AndroidManifest.xml:18:9-51
29            <intent-filter>
29-->src/main/AndroidManifest.xml:20:9-23:25
30                <action android:name="android.intent.action.MAIN" />
30-->src/main/AndroidManifest.xml:21:13-65
30-->src/main/AndroidManifest.xml:21:21-62
31
32                <category android:name="android.intent.category.LAUNCHER" />
32-->src/main/AndroidManifest.xml:22:13-73
32-->src/main/AndroidManifest.xml:22:23-70
33            </intent-filter>
34        </activity>
35        <!-- Disable crashlytics by default so we can custom init with CrashlyticsNdk support -->
36        <meta-data
36-->[:react-native-firebase_crashlytics] AndroidManifest.xml:12:9-14:37
37            android:name="firebase_crashlytics_collection_enabled"
37-->[:react-native-firebase_crashlytics] AndroidManifest.xml:13:13-67
38            android:value="false" />
38-->[:react-native-firebase_crashlytics] AndroidManifest.xml:14:13-34
39
40        <provider
40-->[:react-native-firebase_crashlytics] AndroidManifest.xml:16:9-20:38
41            android:name="io.invertase.firebase.crashlytics.ReactNativeFirebaseCrashlyticsInitProvider"
41-->[:react-native-firebase_crashlytics] AndroidManifest.xml:17:13-104
42            android:authorities="com.pdigok.reactnativefirebasecrashlyticsinitprovider"
42-->[:react-native-firebase_crashlytics] AndroidManifest.xml:18:13-94
43            android:exported="false"
43-->[:react-native-firebase_crashlytics] AndroidManifest.xml:19:13-37
44            android:initOrder="98" />
44-->[:react-native-firebase_crashlytics] AndroidManifest.xml:20:13-35
45
46        <meta-data
46-->[:react-native-firebase_app] AndroidManifest.xml:10:9-12:36
47            android:name="app_data_collection_default_enabled"
47-->[:react-native-firebase_app] AndroidManifest.xml:11:13-63
48            android:value="true" />
48-->[:react-native-firebase_app] AndroidManifest.xml:12:13-33
49
50        <service
50-->[:react-native-firebase_app] AndroidManifest.xml:14:9-18:19
51            android:name="com.google.firebase.components.ComponentDiscoveryService"
51-->[:react-native-firebase_app] AndroidManifest.xml:14:18-89
52            android:directBootAware="true"
52-->[com.google.firebase:firebase-common:20.0.0] AndroidManifest.xml:35:13-43
53            android:exported="false" >
53-->[com.google.firebase:firebase-crashlytics-ndk:18.2.8] AndroidManifest.xml:34:13-37
54            <meta-data
54-->[:react-native-firebase_app] AndroidManifest.xml:15:13-17:85
55                android:name="com.google.firebase.components:io.invertase.firebase.app.ReactNativeFirebaseAppRegistrar"
55-->[:react-native-firebase_app] AndroidManifest.xml:16:17-120
56                android:value="com.google.firebase.components.ComponentRegistrar" />
56-->[:react-native-firebase_app] AndroidManifest.xml:17:17-82
57            <meta-data
57-->[com.google.firebase:firebase-crashlytics-ndk:18.2.8] AndroidManifest.xml:35:13-37:85
58                android:name="com.google.firebase.components:com.google.firebase.crashlytics.ndk.CrashlyticsNdkRegistrar"
58-->[com.google.firebase:firebase-crashlytics-ndk:18.2.8] AndroidManifest.xml:36:17-122
59                android:value="com.google.firebase.components.ComponentRegistrar" />
59-->[com.google.firebase:firebase-crashlytics-ndk:18.2.8] AndroidManifest.xml:37:17-82
60            <meta-data
60-->[com.google.firebase:firebase-crashlytics:18.2.8] AndroidManifest.xml:18:13-20:85
61                android:name="com.google.firebase.components:com.google.firebase.crashlytics.CrashlyticsRegistrar"
61-->[com.google.firebase:firebase-crashlytics:18.2.8] AndroidManifest.xml:19:17-115
62                android:value="com.google.firebase.components.ComponentRegistrar" />
62-->[com.google.firebase:firebase-crashlytics:18.2.8] AndroidManifest.xml:20:17-82
63            <meta-data
63-->[com.google.firebase:firebase-installations:17.0.0] AndroidManifest.xml:18:13-20:85
64                android:name="com.google.firebase.components:com.google.firebase.installations.FirebaseInstallationsRegistrar"
64-->[com.google.firebase:firebase-installations:17.0.0] AndroidManifest.xml:19:17-127
65                android:value="com.google.firebase.components.ComponentRegistrar" />
65-->[com.google.firebase:firebase-installations:17.0.0] AndroidManifest.xml:20:17-82
66        </service>
67
68        <provider
68-->[:react-native-firebase_app] AndroidManifest.xml:20:9-24:38
69            android:name="io.invertase.firebase.app.ReactNativeFirebaseAppInitProvider"
69-->[:react-native-firebase_app] AndroidManifest.xml:21:13-88
70            android:authorities="com.pdigok.reactnativefirebaseappinitprovider"
70-->[:react-native-firebase_app] AndroidManifest.xml:22:13-86
71            android:exported="false"
71-->[:react-native-firebase_app] AndroidManifest.xml:23:13-37
72            android:initOrder="99" />
72-->[:react-native-firebase_app] AndroidManifest.xml:24:13-35
73
74        <meta-data
74-->[:sentry_react-native] AndroidManifest.xml:13:9-15:37
75            android:name="io.sentry.auto-init"
75-->[:sentry_react-native] AndroidManifest.xml:14:13-47
76            android:value="false" />
76-->[:sentry_react-native] AndroidManifest.xml:15:13-34
77
78        <activity android:name="com.facebook.react.devsupport.DevSettingsActivity" />
78-->[:react-native-code-push] AndroidManifest.xml:12:9-86
78-->[:react-native-code-push] AndroidManifest.xml:12:19-83
79
80        <service
80-->[com.google.android.datatransport:transport-backend-cct:3.1.2] AndroidManifest.xml:29:9-35:19
81            android:name="com.google.android.datatransport.runtime.backends.TransportBackendDiscovery"
81-->[com.google.android.datatransport:transport-backend-cct:3.1.2] AndroidManifest.xml:30:13-103
82            android:exported="false" >
82-->[com.google.android.datatransport:transport-backend-cct:3.1.2] AndroidManifest.xml:31:13-37
83            <meta-data
83-->[com.google.android.datatransport:transport-backend-cct:3.1.2] AndroidManifest.xml:32:13-34:39
84                android:name="backend:com.google.android.datatransport.cct.CctBackendFactory"
84-->[com.google.android.datatransport:transport-backend-cct:3.1.2] AndroidManifest.xml:33:17-94
85                android:value="cct" />
85-->[com.google.android.datatransport:transport-backend-cct:3.1.2] AndroidManifest.xml:34:17-36
86        </service>
87        <service
87-->[com.google.android.datatransport:transport-runtime:3.1.2] AndroidManifest.xml:26:9-30:19
88            android:name="com.google.android.datatransport.runtime.scheduling.jobscheduling.JobInfoSchedulerService"
88-->[com.google.android.datatransport:transport-runtime:3.1.2] AndroidManifest.xml:27:13-117
89            android:exported="false"
89-->[com.google.android.datatransport:transport-runtime:3.1.2] AndroidManifest.xml:28:13-37
90            android:permission="android.permission.BIND_JOB_SERVICE" >
90-->[com.google.android.datatransport:transport-runtime:3.1.2] AndroidManifest.xml:29:13-69
91        </service>
92
93        <receiver
93-->[com.google.android.datatransport:transport-runtime:3.1.2] AndroidManifest.xml:32:9-34:40
94            android:name="com.google.android.datatransport.runtime.scheduling.jobscheduling.AlarmManagerSchedulerBroadcastReceiver"
94-->[com.google.android.datatransport:transport-runtime:3.1.2] AndroidManifest.xml:33:13-132
95            android:exported="false" />
95-->[com.google.android.datatransport:transport-runtime:3.1.2] AndroidManifest.xml:34:13-37
96
97        <activity
97-->[com.google.android.gms:play-services-auth:20.1.0] AndroidManifest.xml:23:9-27:75
98            android:name="com.google.android.gms.auth.api.signin.internal.SignInHubActivity"
98-->[com.google.android.gms:play-services-auth:20.1.0] AndroidManifest.xml:24:13-93
99            android:excludeFromRecents="true"
99-->[com.google.android.gms:play-services-auth:20.1.0] AndroidManifest.xml:25:13-46
100            android:exported="false"
100-->[com.google.android.gms:play-services-auth:20.1.0] AndroidManifest.xml:26:13-37
101            android:theme="@android:style/Theme.Translucent.NoTitleBar" />
101-->[com.google.android.gms:play-services-auth:20.1.0] AndroidManifest.xml:27:13-72
102        <!--
103            Service handling Google Sign-In user revocation. For apps that do not integrate with
104            Google Sign-In, this service will never be started.
105        -->
106        <service
106-->[com.google.android.gms:play-services-auth:20.1.0] AndroidManifest.xml:33:9-37:51
107            android:name="com.google.android.gms.auth.api.signin.RevocationBoundService"
107-->[com.google.android.gms:play-services-auth:20.1.0] AndroidManifest.xml:34:13-89
108            android:exported="true"
108-->[com.google.android.gms:play-services-auth:20.1.0] AndroidManifest.xml:35:13-36
109            android:permission="com.google.android.gms.auth.api.signin.permission.REVOCATION_NOTIFICATION"
109-->[com.google.android.gms:play-services-auth:20.1.0] AndroidManifest.xml:36:13-107
110            android:visibleToInstantApps="true" />
110-->[com.google.android.gms:play-services-auth:20.1.0] AndroidManifest.xml:37:13-48
111
112        <activity
112-->[com.google.android.gms:play-services-base:18.0.1] AndroidManifest.xml:20:9-22:45
113            android:name="com.google.android.gms.common.api.GoogleApiActivity"
113-->[com.google.android.gms:play-services-base:18.0.1] AndroidManifest.xml:20:19-85
114            android:exported="false"
114-->[com.google.android.gms:play-services-base:18.0.1] AndroidManifest.xml:22:19-43
115            android:theme="@android:style/Theme.Translucent.NoTitleBar" />
115-->[com.google.android.gms:play-services-base:18.0.1] AndroidManifest.xml:21:19-78
116
117        <provider
117-->[com.google.firebase:firebase-common:20.0.0] AndroidManifest.xml:26:9-31:39
118            android:name="com.google.firebase.provider.FirebaseInitProvider"
118-->[com.google.firebase:firebase-common:20.0.0] AndroidManifest.xml:27:13-77
119            android:authorities="com.pdigok.firebaseinitprovider"
119-->[com.google.firebase:firebase-common:20.0.0] AndroidManifest.xml:28:13-72
120            android:directBootAware="true"
120-->[com.google.firebase:firebase-common:20.0.0] AndroidManifest.xml:29:13-43
121            android:exported="false"
121-->[com.google.firebase:firebase-common:20.0.0] AndroidManifest.xml:30:13-37
122            android:initOrder="100" />
122-->[com.google.firebase:firebase-common:20.0.0] AndroidManifest.xml:31:13-36
123
124        <meta-data
124-->[com.google.android.gms:play-services-basement:18.0.0] AndroidManifest.xml:21:9-23:69
125            android:name="com.google.android.gms.version"
125-->[com.google.android.gms:play-services-basement:18.0.0] AndroidManifest.xml:22:13-58
126            android:value="@integer/google_play_services_version" /> <!-- 'android:authorities' must be unique in the device, across all apps -->
126-->[com.google.android.gms:play-services-basement:18.0.0] AndroidManifest.xml:23:13-66
127        <provider
127-->[io.sentry:sentry-android-core:5.7.0] AndroidManifest.xml:14:9-17:40
128            android:name="io.sentry.android.core.SentryInitProvider"
128-->[io.sentry:sentry-android-core:5.7.0] AndroidManifest.xml:15:13-69
129            android:authorities="com.pdigok.SentryInitProvider"
129-->[io.sentry:sentry-android-core:5.7.0] AndroidManifest.xml:16:13-70
130            android:exported="false" />
130-->[io.sentry:sentry-android-core:5.7.0] AndroidManifest.xml:17:13-37
131        <provider
131-->[io.sentry:sentry-android-core:5.7.0] AndroidManifest.xml:18:9-22:39
132            android:name="io.sentry.android.core.SentryPerformanceProvider"
132-->[io.sentry:sentry-android-core:5.7.0] AndroidManifest.xml:19:13-76
133            android:authorities="com.pdigok.SentryPerformanceProvider"
133-->[io.sentry:sentry-android-core:5.7.0] AndroidManifest.xml:20:13-77
134            android:exported="false"
134-->[io.sentry:sentry-android-core:5.7.0] AndroidManifest.xml:21:13-37
135            android:initOrder="200" />
135-->[io.sentry:sentry-android-core:5.7.0] AndroidManifest.xml:22:13-36
136        <provider
136-->[androidx.lifecycle:lifecycle-process:2.2.0] AndroidManifest.xml:25:9-29:43
137            android:name="androidx.lifecycle.ProcessLifecycleOwnerInitializer"
137-->[androidx.lifecycle:lifecycle-process:2.2.0] AndroidManifest.xml:26:13-79
138            android:authorities="com.pdigok.lifecycle-process"
138-->[androidx.lifecycle:lifecycle-process:2.2.0] AndroidManifest.xml:27:13-69
139            android:exported="false"
139-->[androidx.lifecycle:lifecycle-process:2.2.0] AndroidManifest.xml:28:13-37
140            android:multiprocess="true" />
140-->[androidx.lifecycle:lifecycle-process:2.2.0] AndroidManifest.xml:29:13-40
141    </application>
142
143</manifest>